<?xml version="1.0" encoding="UTF-8"?>
<!-- Generated by org.testng.reporters.JUnitReportReporter -->
<testsuite hostname="LAPTOP-STKNR389" failures="0" tests="1" name="HRMTestcases.Dashboard" time="9.854" errors="0" timestamp="2021-06-17T15:27:09 IST" skipped="0">
  <testcase classname="HRMTestcases.Dashboard" name="DashboardText" time="9.854"/>
  <system-out/>
</testsuite> <!-- HRMTestcases.Dashboard -->
